Using pre-set license
Built from '2020.3/staging' branch; Version is '2020.3.11f1 (99c7afb366b3) revision 10078127'; Using compiler version '192528614'; Build Type 'Release'
OS: 'Windows 10 Home; OS build 19042.1052; Version 2009; 64bit' Language: 'tr' Physical Memory: 16273 MB
BatchMode: 1, IsHumanControllingUs: 0, StartBugReporterOnCrash: 0, Is64bit: 1, IsPro: 0

 COMMAND LINE ARGUMENTS:
C:\Program Files\Unity\Hub\Editor\2020.3.11f1\Editor\Unity.exe
-adb2
-batchMode
-noUpm
-name
AssetImportWorker0
-projectPath
C:/Users/Tein/Desktop/gameNew/NewwProject
-logFile
Logs/AssetImportWorker0.log
-srvPort
57710
Successfully changed project path to: C:/Users/Tein/Desktop/gameNew/NewwProject
C:/Users/Tein/Desktop/gameNew/NewwProject
Using Asset Import Pipeline V2.
Refreshing native plugins compatible for Editor in 26.47 ms, found 2 plugins.
Preloading 0 native plugins for Editor in 0.00 ms.
Initialize engine version: 2020.3.11f1 (99c7afb366b3)
[Subsystems] Discovering subsystems at path C:/Program Files/Unity/Hub/Editor/2020.3.11f1/Editor/Data/Resources/UnitySubsystems
[Subsystems] Discovering subsystems at path C:/Users/Tein/Desktop/gameNew/NewwProject/Assets
GfxDevice: creating device client; threaded=0
Direct3D:
    Version:  Direct3D 11.0 [level 11.1]
    Renderer: NVIDIA GeForce GTX 1050 Ti (ID=0x1c8c)
    Vendor:   
    VRAM:     4018 MB
    Driver:   27.21.14.6109
Initialize mono
Mono path[0] = 'C:/Program Files/Unity/Hub/Editor/2020.3.11f1/Editor/Data/Managed'
Mono path[1] = 'C:/Program Files/Unity/Hub/Editor/2020.3.11f1/Editor/Data/MonoBleedingEdge/lib/mono/unityjit'
Mono config path = 'C:/Program Files/Unity/Hub/Editor/2020.3.11f1/Editor/Data/MonoBleedingEdge/etc'
Using monoOptions --debugger-agent=transport=dt_socket,embedding=1,server=y,suspend=n,address=127.0.0.1:56796
Begin MonoManager ReloadAssembly
Registering precompiled unity dll's ...
Register platform support module: C:/Program Files/Unity/Hub/Editor/2020.3.11f1/Editor/Data/PlaybackEngines/WindowsStandaloneSupport/UnityEditor.WindowsStandalone.Extensions.dll
Registered in 0.002473 seconds.
Native extension for WindowsStandalone target not found
Refreshing native plugins compatible for Editor in 23.79 ms, found 2 plugins.
Preloading 0 native plugins for Editor in 0.00 ms.
Mono: successfully reloaded assembly
- Completed reload, in  2.321 seconds
Platform modules already initialized, skipping
Registering precompiled user dll's ...
Registered in 0.006359 seconds.
Begin MonoManager ReloadAssembly
Native extension for WindowsStandalone target not found
Refreshing native plugins compatible for Editor in 0.29 ms, found 2 plugins.
Preloading 0 native plugins for Editor in 0.00 ms.
Mono: successfully reloaded assembly
- Completed reload, in  0.948 seconds
Platform modules already initialized, skipping
========================================================================
Worker process is ready to serve import requests
Launched and connected shader compiler UnityShaderCompiler.exe after 0.05 seconds
Refreshing native plugins compatible for Editor in 0.28 ms, found 2 plugins.
Preloading 0 native plugins for Editor in 0.00 ms.
Unloading 1386 Unused Serialized files (Serialized files now loaded: 0)
System memory in use before: 64.7 MB.
System memory in use after: 64.7 MB.

Unloading 19 unused Assets to reduce memory usage. Loaded Objects now: 1819.
Total: 1.976700 ms (FindLiveObjects: 0.144300 ms CreateObjectMapping: 0.039600 ms MarkObjects: 1.708500 ms  DeleteObjects: 0.083500 ms)

========================================================================
Received Import Request.
  path: Assets
  artifactKey: Guid(00000000000000001000000000000000) Importer(815301076,1909f56bfc062723c751e8b465ee728b)
Start importing Assets using Guid(00000000000000001000000000000000) Importer(815301076,1909f56bfc062723c751e8b465ee728b)  -> (artifact id: '42d402b061de3733987d63b9cc3b64de') in 0.008274 seconds
  Import took 0.010233 seconds .

========================================================================
Received Import Request.
  Time since last request: 0.000365 seconds.
  path: Assets/Scenes
  artifactKey: Guid(c1fa2376c0b0c9440a10b89e22b6cd0a) Importer(815301076,1909f56bfc062723c751e8b465ee728b)
Start importing Assets/Scenes using Guid(c1fa2376c0b0c9440a10b89e22b6cd0a) Importer(815301076,1909f56bfc062723c751e8b465ee728b)  -> (artifact id: '6b8a1119f1648a04340cf434ff0d5c66') in 0.007662 seconds
  Import took 0.010324 seconds .

========================================================================
Received Import Request.
  Time since last request: 5.801263 seconds.
  path: Assets/materials
  artifactKey: Guid(d513fc876b1e34741ba0bec506d6bdf0) Importer(815301076,1909f56bfc062723c751e8b465ee728b)
Start importing Assets/materials using Guid(d513fc876b1e34741ba0bec506d6bdf0) Importer(815301076,1909f56bfc062723c751e8b465ee728b)  -> (artifact id: 'de2173b549d99f518153ecf507a8b6e6') in 0.007097 seconds
  Import took 0.009659 seconds .

========================================================================
Received Import Request.
  Time since last request: 9.867156 seconds.
  path: Assets/materials/Cube Color.mat
  artifactKey: Guid(5e50040d9d257dc49b57d8d02da39ef2) Importer(815301076,1909f56bfc062723c751e8b465ee728b)
Start importing Assets/materials/Cube Color.mat using Guid(5e50040d9d257dc49b57d8d02da39ef2) Importer(815301076,1909f56bfc062723c751e8b465ee728b)  -> (artifact id: '92ff7238e0639bae8c036d96d0d1a4d3') in 0.123699 seconds
  Import took 0.126270 seconds .

========================================================================
Received Import Request.
  Time since last request: 13.225538 seconds.
  path: Assets/materials/Cube Color.mat
  artifactKey: Guid(5e50040d9d257dc49b57d8d02da39ef2) Importer(815301076,1909f56bfc062723c751e8b465ee728b)
Start importing Assets/materials/Cube Color.mat using Guid(5e50040d9d257dc49b57d8d02da39ef2) Importer(815301076,1909f56bfc062723c751e8b465ee728b)  -> (artifact id: 'b334a231f5eace9addb5fc339ccfee85') in 0.015873 seconds
  Import took 0.018378 seconds .

AssetImportWorkerClient::OnTransportError - code=2 error=End of file
